<?xml version="1.0" encoding="UTF-8"?>
<robot generator="Robot 6.1.1 (Python 3.10.12 on linux)" generated="20231119 22:10:24.819" rpa="false" schemaversion="4">
<suite id="s1" name="Tests" source="/home/liisamah/Desktop/ohtu/palautusrepositorio/viikko3/web-login/src/tests">
<suite id="s1-s1" name="Home" source="/home/liisamah/Desktop/ohtu/palautusrepositorio/viikko3/web-login/src/tests/home.robot">
<kw name="Open And Configure Browser" library="resource" type="SETUP">
<kw name="Evaluate" library="BuiltIn">
<var>${options}</var>
<arg>sys.modules['selenium.webdriver'].ChromeOptions()</arg>
<arg>sys</arg>
<doc>Evaluates the given expression in Python and returns the result.</doc>
<msg timestamp="20231119 22:10:24.960" level="INFO">${options} = &lt;selenium.webdriver.chrome.options.Options object at 0x7fecf961fd00&gt;</msg>
<status status="PASS" starttime="20231119 22:10:24.960" endtime="20231119 22:10:24.960"/>
</kw>
<kw name="Call Method" library="BuiltIn">
<arg>${options}</arg>
<arg>add_argument</arg>
<arg>--no-sandbox</arg>
<doc>Calls the named method of the given object with the provided arguments.</doc>
<status status="PASS" starttime="20231119 22:10:24.960" endtime="20231119 22:10:24.960"/>
</kw>
<kw name="Open Browser" library="SeleniumLibrary">
<arg>browser=chrome</arg>
<arg>options=${options}</arg>
<doc>Opens a new browser instance to the optional ``url``.</doc>
<msg timestamp="20231119 22:10:24.961" level="INFO">Opening browser 'chrome' to base url 'None'.</msg>
<status status="PASS" starttime="20231119 22:10:24.960" endtime="20231119 22:10:26.016"/>
</kw>
<kw name="Set Selenium Speed" library="SeleniumLibrary">
<arg>${DELAY}</arg>
<doc>Sets the delay that is waited after each Selenium command.</doc>
<status status="PASS" starttime="20231119 22:10:26.016" endtime="20231119 22:10:26.016"/>
</kw>
<status status="PASS" starttime="20231119 22:10:24.959" endtime="20231119 22:10:26.016"/>
</kw>
<test id="s1-s1-t1" name="Click Login Link" line="8">
<kw name="Go To Starting Page" library="resource" type="SETUP">
<kw name="Go To" library="SeleniumLibrary">
<arg>${HOME_URL}</arg>
<doc>Navigates the current browser window to the provided ``url``.</doc>
<msg timestamp="20231119 22:10:26.018" level="INFO">Opening url 'http://localhost:5001'</msg>
<status status="PASS" starttime="20231119 22:10:26.017" endtime="20231119 22:10:26.637"/>
</kw>
<status status="PASS" starttime="20231119 22:10:26.017" endtime="20231119 22:10:26.637"/>
</kw>
<kw name="Click Link" library="SeleniumLibrary">
<arg>Login</arg>
<doc>Clicks a link identified by ``locator``.</doc>
<msg timestamp="20231119 22:10:26.639" level="INFO">Clicking link 'Login'.</msg>
<status status="PASS" starttime="20231119 22:10:26.637" endtime="20231119 22:10:28.236"/>
</kw>
<kw name="Login Page Should Be Open" library="resource">
<kw name="Title Should Be" library="SeleniumLibrary">
<arg>Login</arg>
<doc>Verifies that the current page title equals ``title``.</doc>
<msg timestamp="20231119 22:10:28.747" level="INFO">Page title is 'Login'.</msg>
<status status="PASS" starttime="20231119 22:10:28.237" endtime="20231119 22:10:28.748"/>
</kw>
<status status="PASS" starttime="20231119 22:10:28.236" endtime="20231119 22:10:28.748"/>
</kw>
<status status="PASS" starttime="20231119 22:10:26.016" endtime="20231119 22:10:28.748"/>
</test>
<test id="s1-s1-t2" name="Click Register Link" line="12">
<kw name="Go To Starting Page" library="resource" type="SETUP">
<kw name="Go To" library="SeleniumLibrary">
<arg>${HOME_URL}</arg>
<doc>Navigates the current browser window to the provided ``url``.</doc>
<msg timestamp="20231119 22:10:28.751" level="INFO">Opening url 'http://localhost:5001'</msg>
<status status="PASS" starttime="20231119 22:10:28.751" endtime="20231119 22:10:29.288"/>
</kw>
<status status="PASS" starttime="20231119 22:10:28.750" endtime="20231119 22:10:29.289"/>
</kw>
<kw name="Click Link" library="SeleniumLibrary">
<arg>Register new user</arg>
<doc>Clicks a link identified by ``locator``.</doc>
<msg timestamp="20231119 22:10:29.290" level="INFO">Clicking link 'Register new user'.</msg>
<status status="PASS" starttime="20231119 22:10:29.289" endtime="20231119 22:10:30.870"/>
</kw>
<kw name="Register page should be open" library="resource">
<kw name="Title Should Be" library="SeleniumLibrary">
<arg>Register</arg>
<doc>Verifies that the current page title equals ``title``.</doc>
<msg timestamp="20231119 22:10:31.382" level="INFO">Page title is 'Register'.</msg>
<status status="PASS" starttime="20231119 22:10:30.871" endtime="20231119 22:10:31.382"/>
</kw>
<status status="PASS" starttime="20231119 22:10:30.870" endtime="20231119 22:10:31.382"/>
</kw>
<status status="PASS" starttime="20231119 22:10:28.749" endtime="20231119 22:10:31.383"/>
</test>
<kw name="Close Browser" library="SeleniumLibrary" type="TEARDOWN">
<doc>Closes the current browser.</doc>
<status status="PASS" starttime="20231119 22:10:31.384" endtime="20231119 22:10:31.946"/>
</kw>
<status status="PASS" starttime="20231119 22:10:24.834" endtime="20231119 22:10:31.946"/>
</suite>
<suite id="s1-s2" name="Login" source="/home/liisamah/Desktop/ohtu/palautusrepositorio/viikko3/web-login/src/tests/login.robot">
<kw name="Open And Configure Browser" library="resource" type="SETUP">
<kw name="Evaluate" library="BuiltIn">
<var>${options}</var>
<arg>sys.modules['selenium.webdriver'].ChromeOptions()</arg>
<arg>sys</arg>
<doc>Evaluates the given expression in Python and returns the result.</doc>
<msg timestamp="20231119 22:10:31.957" level="INFO">${options} = &lt;selenium.webdriver.chrome.options.Options object at 0x7fecf9369480&gt;</msg>
<status status="PASS" starttime="20231119 22:10:31.956" endtime="20231119 22:10:31.957"/>
</kw>
<kw name="Call Method" library="BuiltIn">
<arg>${options}</arg>
<arg>add_argument</arg>
<arg>--no-sandbox</arg>
<doc>Calls the named method of the given object with the provided arguments.</doc>
<status status="PASS" starttime="20231119 22:10:31.957" endtime="20231119 22:10:31.957"/>
</kw>
<kw name="Open Browser" library="SeleniumLibrary">
<arg>browser=chrome</arg>
<arg>options=${options}</arg>
<doc>Opens a new browser instance to the optional ``url``.</doc>
<msg timestamp="20231119 22:10:31.959" level="INFO">Opening browser 'chrome' to base url 'None'.</msg>
<status status="PASS" starttime="20231119 22:10:31.958" endtime="20231119 22:10:33.056"/>
</kw>
<kw name="Set Selenium Speed" library="SeleniumLibrary">
<arg>${DELAY}</arg>
<doc>Sets the delay that is waited after each Selenium command.</doc>
<status status="PASS" starttime="20231119 22:10:33.057" endtime="20231119 22:10:33.057"/>
</kw>
<status status="PASS" starttime="20231119 22:10:31.956" endtime="20231119 22:10:33.057"/>
</kw>
<test id="s1-s2-t1" name="Login With Correct Credentials" line="8">
<kw name="Create User And Go To Login Page" type="SETUP">
<kw name="Create User" library="AppLibrary">
<arg>kalle</arg>
<arg>kalle123</arg>
<status status="PASS" starttime="20231119 22:10:33.058" endtime="20231119 22:10:33.067"/>
</kw>
<kw name="Go To Login Page" library="resource">
<kw name="Go To" library="SeleniumLibrary">
<arg>${LOGIN_URL}</arg>
<doc>Navigates the current browser window to the provided ``url``.</doc>
<msg timestamp="20231119 22:10:33.067" level="INFO">Opening url 'http://localhost:5001/login'</msg>
<status status="PASS" starttime="20231119 22:10:33.067" endtime="20231119 22:10:33.633"/>
</kw>
<status status="PASS" starttime="20231119 22:10:33.067" endtime="20231119 22:10:33.633"/>
</kw>
<kw name="Login Page Should Be Open" library="resource">
<kw name="Title Should Be" library="SeleniumLibrary">
<arg>Login</arg>
<doc>Verifies that the current page title equals ``title``.</doc>
<msg timestamp="20231119 22:10:34.145" level="INFO">Page title is 'Login'.</msg>
<status status="PASS" starttime="20231119 22:10:33.634" endtime="20231119 22:10:34.145"/>
</kw>
<status status="PASS" starttime="20231119 22:10:33.633" endtime="20231119 22:10:34.146"/>
</kw>
<status status="PASS" starttime="20231119 22:10:33.058" endtime="20231119 22:10:34.146"/>
</kw>
<kw name="Set Username">
<arg>kalle</arg>
<kw name="Input Text" library="SeleniumLibrary">
<arg>username</arg>
<arg>${username}</arg>
<doc>Types the given ``text`` into the text field identified by ``locator``.</doc>
<msg timestamp="20231119 22:10:34.148" level="INFO">Typing text 'kalle' into text field 'username'.</msg>
<status status="PASS" starttime="20231119 22:10:34.147" endtime="20231119 22:10:35.764"/>
</kw>
<status status="PASS" starttime="20231119 22:10:34.146" endtime="20231119 22:10:35.764"/>
</kw>
<kw name="Set Password">
<arg>kalle123</arg>
<kw name="Input Password" library="SeleniumLibrary">
<arg>password</arg>
<arg>${password}</arg>
<doc>Types the given password into the text field identified by ``locator``.</doc>
<msg timestamp="20231119 22:10:35.766" level="INFO">Typing password into text field 'password'.</msg>
<msg timestamp="20231119 22:10:36.813" level="INFO">Temporally setting log level to: NONE</msg>
<msg timestamp="20231119 22:10:37.360" level="INFO">Log level changed from NONE to INFO.</msg>
<status status="PASS" starttime="20231119 22:10:35.765" endtime="20231119 22:10:37.360"/>
</kw>
<status status="PASS" starttime="20231119 22:10:35.764" endtime="20231119 22:10:37.361"/>
</kw>
<kw name="Submit Credentials">
<kw name="Click Button" library="SeleniumLibrary">
<arg>Login</arg>
<doc>Clicks the button identified by ``locator``.</doc>
<msg timestamp="20231119 22:10:37.362" level="INFO">Clicking button 'Login'.</msg>
<status status="PASS" starttime="20231119 22:10:37.361" endtime="20231119 22:10:39.465"/>
</kw>
<status status="PASS" starttime="20231119 22:10:37.361" endtime="20231119 22:10:39.465"/>
</kw>
<kw name="Login Should Succeed">
<kw name="Main Page Should Be Open" library="resource">
<kw name="Title Should Be" library="SeleniumLibrary">
<arg>Ohtu Application main page</arg>
<doc>Verifies that the current page title equals ``title``.</doc>
<msg timestamp="20231119 22:10:39.978" level="INFO">Page title is 'Ohtu Application main page'.</msg>
<status status="PASS" starttime="20231119 22:10:39.467" endtime="20231119 22:10:39.978"/>
</kw>
<status status="PASS" starttime="20231119 22:10:39.466" endtime="20231119 22:10:39.978"/>
</kw>
<status status="PASS" starttime="20231119 22:10:39.466" endtime="20231119 22:10:39.978"/>
</kw>
<status status="PASS" starttime="20231119 22:10:33.057" endtime="20231119 22:10:39.979"/>
</test>
<test id="s1-s2-t2" name="Login With Incorrect Password" line="14">
<kw name="Create User And Go To Login Page" type="SETUP">
<kw name="Create User" library="AppLibrary">
<arg>kalle</arg>
<arg>kalle123</arg>
<status status="PASS" starttime="20231119 22:10:39.981" endtime="20231119 22:10:39.995"/>
</kw>
<kw name="Go To Login Page" library="resource">
<kw name="Go To" library="SeleniumLibrary">
<arg>${LOGIN_URL}</arg>
<doc>Navigates the current browser window to the provided ``url``.</doc>
<msg timestamp="20231119 22:10:39.996" level="INFO">Opening url 'http://localhost:5001/login'</msg>
<status status="PASS" starttime="20231119 22:10:39.996" endtime="20231119 22:10:40.532"/>
</kw>
<status status="PASS" starttime="20231119 22:10:39.996" endtime="20231119 22:10:40.533"/>
</kw>
<kw name="Login Page Should Be Open" library="resource">
<kw name="Title Should Be" library="SeleniumLibrary">
<arg>Login</arg>
<doc>Verifies that the current page title equals ``title``.</doc>
<msg timestamp="20231119 22:10:41.044" level="INFO">Page title is 'Login'.</msg>
<status status="PASS" starttime="20231119 22:10:40.533" endtime="20231119 22:10:41.044"/>
</kw>
<status status="PASS" starttime="20231119 22:10:40.533" endtime="20231119 22:10:41.044"/>
</kw>
<status status="PASS" starttime="20231119 22:10:39.980" endtime="20231119 22:10:41.044"/>
</kw>
<kw name="Set Username">
<arg>kalle</arg>
<kw name="Input Text" library="SeleniumLibrary">
<arg>username</arg>
<arg>${username}</arg>
<doc>Types the given ``text`` into the text field identified by ``locator``.</doc>
<msg timestamp="20231119 22:10:41.047" level="INFO">Typing text 'kalle' into text field 'username'.</msg>
<status status="PASS" starttime="20231119 22:10:41.046" endtime="20231119 22:10:42.640"/>
</kw>
<status status="PASS" starttime="20231119 22:10:41.045" endtime="20231119 22:10:42.640"/>
</kw>
<kw name="Set Password">
<arg>kalle456</arg>
<kw name="Input Password" library="SeleniumLibrary">
<arg>password</arg>
<arg>${password}</arg>
<doc>Types the given password into the text field identified by ``locator``.</doc>
<msg timestamp="20231119 22:10:42.643" level="INFO">Typing password into text field 'password'.</msg>
<msg timestamp="20231119 22:10:43.686" level="INFO">Temporally setting log level to: NONE</msg>
<msg timestamp="20231119 22:10:44.241" level="INFO">Log level changed from NONE to INFO.</msg>
<status status="PASS" starttime="20231119 22:10:42.641" endtime="20231119 22:10:44.241"/>
</kw>
<status status="PASS" starttime="20231119 22:10:42.641" endtime="20231119 22:10:44.242"/>
</kw>
<kw name="Submit Credentials">
<kw name="Click Button" library="SeleniumLibrary">
<arg>Login</arg>
<doc>Clicks the button identified by ``locator``.</doc>
<msg timestamp="20231119 22:10:44.243" level="INFO">Clicking button 'Login'.</msg>
<status status="PASS" starttime="20231119 22:10:44.243" endtime="20231119 22:10:46.347"/>
</kw>
<status status="PASS" starttime="20231119 22:10:44.242" endtime="20231119 22:10:46.348"/>
</kw>
<kw name="Login Should Fail With Message">
<arg>Invalid username or password</arg>
<kw name="Login Page Should Be Open" library="resource">
<kw name="Title Should Be" library="SeleniumLibrary">
<arg>Login</arg>
<doc>Verifies that the current page title equals ``title``.</doc>
<msg timestamp="20231119 22:10:46.860" level="INFO">Page title is 'Login'.</msg>
<status status="PASS" starttime="20231119 22:10:46.349" endtime="20231119 22:10:46.860"/>
</kw>
<status status="PASS" starttime="20231119 22:10:46.349" endtime="20231119 22:10:46.860"/>
</kw>
<kw name="Page Should Contain" library="SeleniumLibrary">
<arg>${message}</arg>
<doc>Verifies that current page contains ``text``.</doc>
<msg timestamp="20231119 22:10:47.892" level="INFO">Current page contains text 'Invalid username or password'.</msg>
<status status="PASS" starttime="20231119 22:10:46.860" endtime="20231119 22:10:47.893"/>
</kw>
<status status="PASS" starttime="20231119 22:10:46.348" endtime="20231119 22:10:47.893"/>
</kw>
<status status="PASS" starttime="20231119 22:10:39.979" endtime="20231119 22:10:47.893"/>
</test>
<kw name="Close Browser" library="SeleniumLibrary" type="TEARDOWN">
<doc>Closes the current browser.</doc>
<status status="PASS" starttime="20231119 22:10:47.894" endtime="20231119 22:10:48.454"/>
</kw>
<status status="PASS" starttime="20231119 22:10:31.948" endtime="20231119 22:10:48.455"/>
</suite>
<status status="PASS" starttime="20231119 22:10:24.820" endtime="20231119 22:10:48.457"/>
</suite>
<statistics>
<total>
<stat pass="4" fail="0" skip="0">All Tests</stat>
</total>
<tag>
</tag>
<suite>
<stat pass="4" fail="0" skip="0" id="s1" name="Tests">Tests</stat>
<stat pass="2" fail="0" skip="0" id="s1-s1" name="Home">Tests.Home</stat>
<stat pass="2" fail="0" skip="0" id="s1-s2" name="Login">Tests.Login</stat>
</suite>
</statistics>
<errors>
</errors>
</robot>
