<?xml version="1.0" encoding="UTF-8"?>
<robot generator="Robot 6.1.1 (Python 3.10.12 on linux)" generated="20231120 19:18:22.869" rpa="false" schemaversion="4">
<suite id="s1" name="Tests" source="/home/liisamah/Desktop/ohtu/palautusrepositorio/viikko3/login-robot/src/tests">
<suite id="s1-s1" name="Login" source="/home/liisamah/Desktop/ohtu/palautusrepositorio/viikko3/login-robot/src/tests/login.robot">
<test id="s1-s1-t1" name="Login With Correct Credentials" line="6">
<kw name="Create User And Input Login Command" type="SETUP">
<kw name="Create User" library="AppLibrary">
<arg>kalle</arg>
<arg>kalle123</arg>
<status status="PASS" starttime="20231120 19:18:22.883" endtime="20231120 19:18:22.883"/>
</kw>
<kw name="Input Login Command" library="resource">
<kw name="Input" library="AppLibrary">
<arg>login</arg>
<status status="PASS" starttime="20231120 19:18:22.884" endtime="20231120 19:18:22.884"/>
</kw>
<status status="PASS" starttime="20231120 19:18:22.883" endtime="20231120 19:18:22.884"/>
</kw>
<status status="PASS" starttime="20231120 19:18:22.883" endtime="20231120 19:18:22.884"/>
</kw>
<kw name="Input Credentials" library="resource">
<arg>kalle</arg>
<arg>kalle123</arg>
<kw name="Input" library="AppLibrary">
<arg>${username}</arg>
<status status="PASS" starttime="20231120 19:18:22.884" endtime="20231120 19:18:22.884"/>
</kw>
<kw name="Input" library="AppLibrary">
<arg>${password}</arg>
<status status="PASS" starttime="20231120 19:18:22.884" endtime="20231120 19:18:22.884"/>
</kw>
<kw name="Run Application" library="AppLibrary">
<status status="PASS" starttime="20231120 19:18:22.884" endtime="20231120 19:18:22.884"/>
</kw>
<status status="PASS" starttime="20231120 19:18:22.884" endtime="20231120 19:18:22.884"/>
</kw>
<kw name="Output Should Contain" library="AppLibrary">
<arg>Logged in</arg>
<status status="PASS" starttime="20231120 19:18:22.884" endtime="20231120 19:18:22.884"/>
</kw>
<status status="PASS" starttime="20231120 19:18:22.883" endtime="20231120 19:18:22.885"/>
</test>
<test id="s1-s1-t2" name="Login With Incorrect Password" line="10">
<kw name="Create User And Input Login Command" type="SETUP">
<kw name="Create User" library="AppLibrary">
<arg>kalle</arg>
<arg>kalle123</arg>
<status status="PASS" starttime="20231120 19:18:22.885" endtime="20231120 19:18:22.885"/>
</kw>
<kw name="Input Login Command" library="resource">
<kw name="Input" library="AppLibrary">
<arg>login</arg>
<status status="PASS" starttime="20231120 19:18:22.885" endtime="20231120 19:18:22.885"/>
</kw>
<status status="PASS" starttime="20231120 19:18:22.885" endtime="20231120 19:18:22.885"/>
</kw>
<status status="PASS" starttime="20231120 19:18:22.885" endtime="20231120 19:18:22.885"/>
</kw>
<kw name="Input Credentials" library="resource">
<arg>kalle</arg>
<arg>kalle456</arg>
<kw name="Input" library="AppLibrary">
<arg>${username}</arg>
<status status="PASS" starttime="20231120 19:18:22.886" endtime="20231120 19:18:22.886"/>
</kw>
<kw name="Input" library="AppLibrary">
<arg>${password}</arg>
<status status="PASS" starttime="20231120 19:18:22.886" endtime="20231120 19:18:22.886"/>
</kw>
<kw name="Run Application" library="AppLibrary">
<status status="PASS" starttime="20231120 19:18:22.886" endtime="20231120 19:18:22.886"/>
</kw>
<status status="PASS" starttime="20231120 19:18:22.885" endtime="20231120 19:18:22.886"/>
</kw>
<kw name="Output Should Contain" library="AppLibrary">
<arg>Invalid username or password</arg>
<status status="PASS" starttime="20231120 19:18:22.886" endtime="20231120 19:18:22.886"/>
</kw>
<status status="PASS" starttime="20231120 19:18:22.885" endtime="20231120 19:18:22.886"/>
</test>
<test id="s1-s1-t3" name="Login With Nonexistent Username" line="14">
<kw name="Create User And Input Login Command" type="SETUP">
<kw name="Create User" library="AppLibrary">
<arg>kalle</arg>
<arg>kalle123</arg>
<status status="PASS" starttime="20231120 19:18:22.886" endtime="20231120 19:18:22.887"/>
</kw>
<kw name="Input Login Command" library="resource">
<kw name="Input" library="AppLibrary">
<arg>login</arg>
<status status="PASS" starttime="20231120 19:18:22.887" endtime="20231120 19:18:22.887"/>
</kw>
<status status="PASS" starttime="20231120 19:18:22.887" endtime="20231120 19:18:22.887"/>
</kw>
<status status="PASS" starttime="20231120 19:18:22.886" endtime="20231120 19:18:22.887"/>
</kw>
<kw name="Input Credentials" library="resource">
<arg>pekka</arg>
<arg>pekka123</arg>
<kw name="Input" library="AppLibrary">
<arg>${username}</arg>
<status status="PASS" starttime="20231120 19:18:22.887" endtime="20231120 19:18:22.887"/>
</kw>
<kw name="Input" library="AppLibrary">
<arg>${password}</arg>
<status status="PASS" starttime="20231120 19:18:22.887" endtime="20231120 19:18:22.887"/>
</kw>
<kw name="Run Application" library="AppLibrary">
<status status="PASS" starttime="20231120 19:18:22.887" endtime="20231120 19:18:22.887"/>
</kw>
<status status="PASS" starttime="20231120 19:18:22.887" endtime="20231120 19:18:22.887"/>
</kw>
<kw name="Output Should Contain" library="AppLibrary">
<arg>Invalid username or password</arg>
<status status="PASS" starttime="20231120 19:18:22.887" endtime="20231120 19:18:22.887"/>
</kw>
<status status="PASS" starttime="20231120 19:18:22.886" endtime="20231120 19:18:22.888"/>
</test>
<status status="PASS" starttime="20231120 19:18:22.879" endtime="20231120 19:18:22.888"/>
</suite>
<suite id="s1-s2" name="Register" source="/home/liisamah/Desktop/ohtu/palautusrepositorio/viikko3/login-robot/src/tests/register.robot">
<test id="s1-s2-t1" name="Register With Valid Username And Password" line="6">
<kw name="Input New Command And Create User" type="SETUP">
<kw name="Input New Command" library="resource">
<kw name="Input" library="AppLibrary">
<arg>new</arg>
<status status="PASS" starttime="20231120 19:18:22.890" endtime="20231120 19:18:22.890"/>
</kw>
<status status="PASS" starttime="20231120 19:18:22.890" endtime="20231120 19:18:22.890"/>
</kw>
<kw name="Create User" library="AppLibrary">
<arg>kalle</arg>
<arg>kalle123</arg>
<status status="PASS" starttime="20231120 19:18:22.890" endtime="20231120 19:18:22.890"/>
</kw>
<status status="PASS" starttime="20231120 19:18:22.890" endtime="20231120 19:18:22.890"/>
</kw>
<kw name="Input Credentials" library="resource">
<arg>username</arg>
<arg>password123</arg>
<kw name="Input" library="AppLibrary">
<arg>${username}</arg>
<status status="PASS" starttime="20231120 19:18:22.890" endtime="20231120 19:18:22.890"/>
</kw>
<kw name="Input" library="AppLibrary">
<arg>${password}</arg>
<status status="PASS" starttime="20231120 19:18:22.890" endtime="20231120 19:18:22.890"/>
</kw>
<kw name="Run Application" library="AppLibrary">
<status status="PASS" starttime="20231120 19:18:22.890" endtime="20231120 19:18:22.891"/>
</kw>
<status status="PASS" starttime="20231120 19:18:22.890" endtime="20231120 19:18:22.891"/>
</kw>
<kw name="Output Should Contain" library="AppLibrary">
<arg>New user registered</arg>
<status status="PASS" starttime="20231120 19:18:22.891" endtime="20231120 19:18:22.891"/>
</kw>
<status status="PASS" starttime="20231120 19:18:22.889" endtime="20231120 19:18:22.891"/>
</test>
<test id="s1-s2-t2" name="Register With Already Taken Username And Valid Password" line="10">
<kw name="Input New Command And Create User" type="SETUP">
<kw name="Input New Command" library="resource">
<kw name="Input" library="AppLibrary">
<arg>new</arg>
<status status="PASS" starttime="20231120 19:18:22.891" endtime="20231120 19:18:22.891"/>
</kw>
<status status="PASS" starttime="20231120 19:18:22.891" endtime="20231120 19:18:22.891"/>
</kw>
<kw name="Create User" library="AppLibrary">
<arg>kalle</arg>
<arg>kalle123</arg>
<status status="PASS" starttime="20231120 19:18:22.892" endtime="20231120 19:18:22.892"/>
</kw>
<status status="PASS" starttime="20231120 19:18:22.891" endtime="20231120 19:18:22.892"/>
</kw>
<kw name="Input Credentials" library="resource">
<arg>kalle</arg>
<arg>kalle123</arg>
<kw name="Input" library="AppLibrary">
<arg>${username}</arg>
<status status="PASS" starttime="20231120 19:18:22.892" endtime="20231120 19:18:22.892"/>
</kw>
<kw name="Input" library="AppLibrary">
<arg>${password}</arg>
<status status="PASS" starttime="20231120 19:18:22.892" endtime="20231120 19:18:22.892"/>
</kw>
<kw name="Run Application" library="AppLibrary">
<status status="PASS" starttime="20231120 19:18:22.892" endtime="20231120 19:18:22.892"/>
</kw>
<status status="PASS" starttime="20231120 19:18:22.892" endtime="20231120 19:18:22.892"/>
</kw>
<kw name="Output Should Contain" library="AppLibrary">
<arg>User with username kalle already exists</arg>
<status status="PASS" starttime="20231120 19:18:22.892" endtime="20231120 19:18:22.892"/>
</kw>
<status status="PASS" starttime="20231120 19:18:22.891" endtime="20231120 19:18:22.892"/>
</test>
<test id="s1-s2-t3" name="Register With Too Short Username And Valid Password" line="14">
<kw name="Input New Command And Create User" type="SETUP">
<kw name="Input New Command" library="resource">
<kw name="Input" library="AppLibrary">
<arg>new</arg>
<status status="PASS" starttime="20231120 19:18:22.893" endtime="20231120 19:18:22.893"/>
</kw>
<status status="PASS" starttime="20231120 19:18:22.893" endtime="20231120 19:18:22.893"/>
</kw>
<kw name="Create User" library="AppLibrary">
<arg>kalle</arg>
<arg>kalle123</arg>
<status status="PASS" starttime="20231120 19:18:22.893" endtime="20231120 19:18:22.893"/>
</kw>
<status status="PASS" starttime="20231120 19:18:22.893" endtime="20231120 19:18:22.893"/>
</kw>
<kw name="Input Credentials" library="resource">
<arg>us</arg>
<arg>password123</arg>
<kw name="Input" library="AppLibrary">
<arg>${username}</arg>
<status status="PASS" starttime="20231120 19:18:22.894" endtime="20231120 19:18:22.894"/>
</kw>
<kw name="Input" library="AppLibrary">
<arg>${password}</arg>
<status status="PASS" starttime="20231120 19:18:22.894" endtime="20231120 19:18:22.894"/>
</kw>
<kw name="Run Application" library="AppLibrary">
<status status="PASS" starttime="20231120 19:18:22.894" endtime="20231120 19:18:22.894"/>
</kw>
<status status="PASS" starttime="20231120 19:18:22.893" endtime="20231120 19:18:22.894"/>
</kw>
<kw name="Output Should Contain" library="AppLibrary">
<arg>Invalid username</arg>
<status status="PASS" starttime="20231120 19:18:22.894" endtime="20231120 19:18:22.894"/>
</kw>
<status status="PASS" starttime="20231120 19:18:22.893" endtime="20231120 19:18:22.894"/>
</test>
<test id="s1-s2-t4" name="Register With Enough Long But Invalid Username And Valid Password" line="18">
<kw name="Input New Command And Create User" type="SETUP">
<kw name="Input New Command" library="resource">
<kw name="Input" library="AppLibrary">
<arg>new</arg>
<status status="PASS" starttime="20231120 19:18:22.895" endtime="20231120 19:18:22.895"/>
</kw>
<status status="PASS" starttime="20231120 19:18:22.895" endtime="20231120 19:18:22.895"/>
</kw>
<kw name="Create User" library="AppLibrary">
<arg>kalle</arg>
<arg>kalle123</arg>
<status status="PASS" starttime="20231120 19:18:22.895" endtime="20231120 19:18:22.895"/>
</kw>
<status status="PASS" starttime="20231120 19:18:22.894" endtime="20231120 19:18:22.895"/>
</kw>
<kw name="Input Credentials" library="resource">
<arg>00000000</arg>
<arg>password123</arg>
<kw name="Input" library="AppLibrary">
<arg>${username}</arg>
<status status="PASS" starttime="20231120 19:18:22.895" endtime="20231120 19:18:22.895"/>
</kw>
<kw name="Input" library="AppLibrary">
<arg>${password}</arg>
<status status="PASS" starttime="20231120 19:18:22.895" endtime="20231120 19:18:22.895"/>
</kw>
<kw name="Run Application" library="AppLibrary">
<status status="PASS" starttime="20231120 19:18:22.895" endtime="20231120 19:18:22.895"/>
</kw>
<status status="PASS" starttime="20231120 19:18:22.895" endtime="20231120 19:18:22.895"/>
</kw>
<kw name="Output Should Contain" library="AppLibrary">
<arg>Invalid username</arg>
<status status="PASS" starttime="20231120 19:18:22.895" endtime="20231120 19:18:22.895"/>
</kw>
<status status="PASS" starttime="20231120 19:18:22.894" endtime="20231120 19:18:22.896"/>
</test>
<test id="s1-s2-t5" name="Register With Valid Username And Too Short Password" line="22">
<kw name="Input New Command And Create User" type="SETUP">
<kw name="Input New Command" library="resource">
<kw name="Input" library="AppLibrary">
<arg>new</arg>
<status status="PASS" starttime="20231120 19:18:22.896" endtime="20231120 19:18:22.896"/>
</kw>
<status status="PASS" starttime="20231120 19:18:22.896" endtime="20231120 19:18:22.896"/>
</kw>
<kw name="Create User" library="AppLibrary">
<arg>kalle</arg>
<arg>kalle123</arg>
<status status="PASS" starttime="20231120 19:18:22.896" endtime="20231120 19:18:22.896"/>
</kw>
<status status="PASS" starttime="20231120 19:18:22.896" endtime="20231120 19:18:22.896"/>
</kw>
<kw name="Input Credentials" library="resource">
<arg>Pasi</arg>
<arg>pas123</arg>
<kw name="Input" library="AppLibrary">
<arg>${username}</arg>
<status status="PASS" starttime="20231120 19:18:22.897" endtime="20231120 19:18:22.897"/>
</kw>
<kw name="Input" library="AppLibrary">
<arg>${password}</arg>
<status status="PASS" starttime="20231120 19:18:22.897" endtime="20231120 19:18:22.897"/>
</kw>
<kw name="Run Application" library="AppLibrary">
<status status="PASS" starttime="20231120 19:18:22.897" endtime="20231120 19:18:22.897"/>
</kw>
<status status="PASS" starttime="20231120 19:18:22.896" endtime="20231120 19:18:22.897"/>
</kw>
<kw name="Output Should Contain" library="AppLibrary">
<arg>Invalid password</arg>
<status status="PASS" starttime="20231120 19:18:22.897" endtime="20231120 19:18:22.897"/>
</kw>
<status status="PASS" starttime="20231120 19:18:22.896" endtime="20231120 19:18:22.897"/>
</test>
<test id="s1-s2-t6" name="Register With Valid Username And Long Enough Password Containing Only Letters" line="26">
<kw name="Input New Command And Create User" type="SETUP">
<kw name="Input New Command" library="resource">
<kw name="Input" library="AppLibrary">
<arg>new</arg>
<status status="PASS" starttime="20231120 19:18:22.898" endtime="20231120 19:18:22.898"/>
</kw>
<status status="PASS" starttime="20231120 19:18:22.898" endtime="20231120 19:18:22.898"/>
</kw>
<kw name="Create User" library="AppLibrary">
<arg>kalle</arg>
<arg>kalle123</arg>
<status status="PASS" starttime="20231120 19:18:22.898" endtime="20231120 19:18:22.898"/>
</kw>
<status status="PASS" starttime="20231120 19:18:22.897" endtime="20231120 19:18:22.898"/>
</kw>
<kw name="Input Credentials" library="resource">
<arg>Mikko</arg>
<arg>passwordinvalid</arg>
<kw name="Input" library="AppLibrary">
<arg>${username}</arg>
<status status="PASS" starttime="20231120 19:18:22.898" endtime="20231120 19:18:22.898"/>
</kw>
<kw name="Input" library="AppLibrary">
<arg>${password}</arg>
<status status="PASS" starttime="20231120 19:18:22.898" endtime="20231120 19:18:22.898"/>
</kw>
<kw name="Run Application" library="AppLibrary">
<status status="PASS" starttime="20231120 19:18:22.898" endtime="20231120 19:18:22.898"/>
</kw>
<status status="PASS" starttime="20231120 19:18:22.898" endtime="20231120 19:18:22.898"/>
</kw>
<kw name="Output Should Contain" library="AppLibrary">
<arg>Invalid password</arg>
<status status="PASS" starttime="20231120 19:18:22.899" endtime="20231120 19:18:22.899"/>
</kw>
<status status="PASS" starttime="20231120 19:18:22.897" endtime="20231120 19:18:22.899"/>
</test>
<status status="PASS" starttime="20231120 19:18:22.888" endtime="20231120 19:18:22.899"/>
</suite>
<status status="PASS" starttime="20231120 19:18:22.869" endtime="20231120 19:18:22.899"/>
</suite>
<statistics>
<total>
<stat pass="9" fail="0" skip="0">All Tests</stat>
</total>
<tag>
</tag>
<suite>
<stat pass="9" fail="0" skip="0" id="s1" name="Tests">Tests</stat>
<stat pass="3" fail="0" skip="0" id="s1-s1" name="Login">Tests.Login</stat>
<stat pass="6" fail="0" skip="0" id="s1-s2" name="Register">Tests.Register</stat>
</suite>
</statistics>
<errors>
</errors>
</robot>
